/home/vagrant/.rbenv/versions/2.1.2/bin/ruby extconf.rb 
checking for main() in -lpthread... yes
creating Makefile

make "DESTDIR=" clean

make "DESTDIR="
compiling constants.cc
compiling constraints.cc
compiling heap.cc
compiling date.cc
compiling exception.cc
compiling backref.cc
compiling gc.cc
compiling template.cc
compiling locker.cc
compiling v8.cc
compiling accessor.cc
compiling object.cc
compiling trycatch.cc
compiling primitive.cc
compiling string.cc
compiling stack.cc
compiling rr.cc
compiling handles.cc
compiling signature.cc
compiling external.cc
compiling init.cc
compiling array.cc
compiling value.cc
compiling invocation.cc
compiling script.cc
compiling context.cc
compiling function.cc
compiling message.cc
linking shared-object v8/init.so

make "DESTDIR=" install
/usr/bin/install -c -m 0755 init.so ./.gem.20150828-4785-1mlc710/v8
installing default init libraries
